2024-12-17 21:20:24,104:WARNING:
'cuml' is a soft dependency and not included in the pycaret installation. Please run: `pip install cuml` to install.
2024-12-17 21:20:24,104:WARNING:
'cuml' is a soft dependency and not included in the pycaret installation. Please run: `pip install cuml` to install.
2024-12-17 21:20:24,104:WARNING:
'cuml' is a soft dependency and not included in the pycaret installation. Please run: `pip install cuml` to install.
2024-12-17 21:20:24,104:WARNING:
'cuml' is a soft dependency and not included in the pycaret installation. Please run: `pip install cuml` to install.
2024-12-17 21:20:25,467:WARNING:/Users/macbookpro/.pyenv/versions/3.9.16/lib/python3.9/site-packages/shap/utils/_clustering.py:35: NumbaDeprecationWarning: [1mThe 'nopython' keyword argument was not supplied to the 'numba.jit' decorator. The implicit default value for this argument is currently False, but it will be changed to True in Numba 0.59.0. See https://numba.readthedocs.io/en/stable/reference/deprecation.html#deprecation-of-object-mode-fall-back-behaviour-when-using-jit for details.[0m
  def _pt_shuffle_rec(i, indexes, index_mask, partition_tree, M, pos):

2024-12-17 21:20:25,491:WARNING:/Users/macbookpro/.pyenv/versions/3.9.16/lib/python3.9/site-packages/shap/utils/_clustering.py:54: NumbaDeprecationWarning: [1mThe 'nopython' keyword argument was not supplied to the 'numba.jit' decorator. The implicit default value for this argument is currently False, but it will be changed to True in Numba 0.59.0. See https://numba.readthedocs.io/en/stable/reference/deprecation.html#deprecation-of-object-mode-fall-back-behaviour-when-using-jit for details.[0m
  def delta_minimization_order(all_masks, max_swap_size=100, num_passes=2):

2024-12-17 21:20:25,491:WARNING:/Users/macbookpro/.pyenv/versions/3.9.16/lib/python3.9/site-packages/shap/utils/_clustering.py:63: NumbaDeprecationWarning: [1mThe 'nopython' keyword argument was not supplied to the 'numba.jit' decorator. The implicit default value for this argument is currently False, but it will be changed to True in Numba 0.59.0. See https://numba.readthedocs.io/en/stable/reference/deprecation.html#deprecation-of-object-mode-fall-back-behaviour-when-using-jit for details.[0m
  def _reverse_window(order, start, length):

2024-12-17 21:20:25,491:WARNING:/Users/macbookpro/.pyenv/versions/3.9.16/lib/python3.9/site-packages/shap/utils/_clustering.py:69: NumbaDeprecationWarning: [1mThe 'nopython' keyword argument was not supplied to the 'numba.jit' decorator. The implicit default value for this argument is currently False, but it will be changed to True in Numba 0.59.0. See https://numba.readthedocs.io/en/stable/reference/deprecation.html#deprecation-of-object-mode-fall-back-behaviour-when-using-jit for details.[0m
  def _reverse_window_score_gain(masks, order, start, length):

2024-12-17 21:20:25,491:WARNING:/Users/macbookpro/.pyenv/versions/3.9.16/lib/python3.9/site-packages/shap/utils/_clustering.py:77: NumbaDeprecationWarning: [1mThe 'nopython' keyword argument was not supplied to the 'numba.jit' decorator. The implicit default value for this argument is currently False, but it will be changed to True in Numba 0.59.0. See https://numba.readthedocs.io/en/stable/reference/deprecation.html#deprecation-of-object-mode-fall-back-behaviour-when-using-jit for details.[0m
  def _mask_delta_score(m1, m2):

2024-12-17 21:20:25,492:WARNING:/Users/macbookpro/.pyenv/versions/3.9.16/lib/python3.9/site-packages/shap/links.py:5: NumbaDeprecationWarning: [1mThe 'nopython' keyword argument was not supplied to the 'numba.jit' decorator. The implicit default value for this argument is currently False, but it will be changed to True in Numba 0.59.0. See https://numba.readthedocs.io/en/stable/reference/deprecation.html#deprecation-of-object-mode-fall-back-behaviour-when-using-jit for details.[0m
  def identity(x):

2024-12-17 21:20:25,493:WARNING:/Users/macbookpro/.pyenv/versions/3.9.16/lib/python3.9/site-packages/shap/links.py:10: NumbaDeprecationWarning: [1mThe 'nopython' keyword argument was not supplied to the 'numba.jit' decorator. The implicit default value for this argument is currently False, but it will be changed to True in Numba 0.59.0. See https://numba.readthedocs.io/en/stable/reference/deprecation.html#deprecation-of-object-mode-fall-back-behaviour-when-using-jit for details.[0m
  def _identity_inverse(x):

2024-12-17 21:20:25,493:WARNING:/Users/macbookpro/.pyenv/versions/3.9.16/lib/python3.9/site-packages/shap/links.py:15: NumbaDeprecationWarning: [1mThe 'nopython' keyword argument was not supplied to the 'numba.jit' decorator. The implicit default value for this argument is currently False, but it will be changed to True in Numba 0.59.0. See https://numba.readthedocs.io/en/stable/reference/deprecation.html#deprecation-of-object-mode-fall-back-behaviour-when-using-jit for details.[0m
  def logit(x):

2024-12-17 21:20:25,493:WARNING:/Users/macbookpro/.pyenv/versions/3.9.16/lib/python3.9/site-packages/shap/links.py:20: NumbaDeprecationWarning: [1mThe 'nopython' keyword argument was not supplied to the 'numba.jit' decorator. The implicit default value for this argument is currently False, but it will be changed to True in Numba 0.59.0. See https://numba.readthedocs.io/en/stable/reference/deprecation.html#deprecation-of-object-mode-fall-back-behaviour-when-using-jit for details.[0m
  def _logit_inverse(x):

2024-12-17 21:20:25,493:WARNING:/Users/macbookpro/.pyenv/versions/3.9.16/lib/python3.9/site-packages/shap/utils/_masked_model.py:363: NumbaDeprecationWarning: [1mThe 'nopython' keyword argument was not supplied to the 'numba.jit' decorator. The implicit default value for this argument is currently False, but it will be changed to True in Numba 0.59.0. See https://numba.readthedocs.io/en/stable/reference/deprecation.html#deprecation-of-object-mode-fall-back-behaviour-when-using-jit for details.[0m
  def _build_fixed_single_output(averaged_outs, last_outs, outputs, batch_positions, varying_rows, num_varying_rows, link, linearizing_weights):

2024-12-17 21:20:25,494:WARNING:/Users/macbookpro/.pyenv/versions/3.9.16/lib/python3.9/site-packages/shap/utils/_masked_model.py:385: NumbaDeprecationWarning: [1mThe 'nopython' keyword argument was not supplied to the 'numba.jit' decorator. The implicit default value for this argument is currently False, but it will be changed to True in Numba 0.59.0. See https://numba.readthedocs.io/en/stable/reference/deprecation.html#deprecation-of-object-mode-fall-back-behaviour-when-using-jit for details.[0m
  def _build_fixed_multi_output(averaged_outs, last_outs, outputs, batch_positions, varying_rows, num_varying_rows, link, linearizing_weights):

2024-12-17 21:20:25,494:WARNING:/Users/macbookpro/.pyenv/versions/3.9.16/lib/python3.9/site-packages/shap/utils/_masked_model.py:428: NumbaDeprecationWarning: [1mThe 'nopython' keyword argument was not supplied to the 'numba.jit' decorator. The implicit default value for this argument is currently False, but it will be changed to True in Numba 0.59.0. See https://numba.readthedocs.io/en/stable/reference/deprecation.html#deprecation-of-object-mode-fall-back-behaviour-when-using-jit for details.[0m
  def _init_masks(cluster_matrix, M, indices_row_pos, indptr):

2024-12-17 21:20:25,494:WARNING:/Users/macbookpro/.pyenv/versions/3.9.16/lib/python3.9/site-packages/shap/utils/_masked_model.py:439: NumbaDeprecationWarning: [1mThe 'nopython' keyword argument was not supplied to the 'numba.jit' decorator. The implicit default value for this argument is currently False, but it will be changed to True in Numba 0.59.0. See https://numba.readthedocs.io/en/stable/reference/deprecation.html#deprecation-of-object-mode-fall-back-behaviour-when-using-jit for details.[0m
  def _rec_fill_masks(cluster_matrix, indices_row_pos, indptr, indices, M, ind):

2024-12-17 21:20:25,499:WARNING:/Users/macbookpro/.pyenv/versions/3.9.16/lib/python3.9/site-packages/shap/maskers/_tabular.py:186: NumbaDeprecationWarning: [1mThe 'nopython' keyword argument was not supplied to the 'numba.jit' decorator. The implicit default value for this argument is currently False, but it will be changed to True in Numba 0.59.0. See https://numba.readthedocs.io/en/stable/reference/deprecation.html#deprecation-of-object-mode-fall-back-behaviour-when-using-jit for details.[0m
  def _single_delta_mask(dind, masked_inputs, last_mask, data, x, noop_code):

2024-12-17 21:20:25,499:WARNING:/Users/macbookpro/.pyenv/versions/3.9.16/lib/python3.9/site-packages/shap/maskers/_tabular.py:197: NumbaDeprecationWarning: [1mThe 'nopython' keyword argument was not supplied to the 'numba.jit' decorator. The implicit default value for this argument is currently False, but it will be changed to True in Numba 0.59.0. See https://numba.readthedocs.io/en/stable/reference/deprecation.html#deprecation-of-object-mode-fall-back-behaviour-when-using-jit for details.[0m
  def _delta_masking(masks, x, curr_delta_inds, varying_rows_out,

2024-12-17 21:20:27,046:WARNING:/Users/macbookpro/.pyenv/versions/3.9.16/lib/python3.9/site-packages/shap/maskers/_image.py:175: NumbaDeprecationWarning: [1mThe 'nopython' keyword argument was not supplied to the 'numba.jit' decorator. The implicit default value for this argument is currently False, but it will be changed to True in Numba 0.59.0. See https://numba.readthedocs.io/en/stable/reference/deprecation.html#deprecation-of-object-mode-fall-back-behaviour-when-using-jit for details.[0m
  def _jit_build_partition_tree(xmin, xmax, ymin, ymax, zmin, zmax, total_ywidth, total_zwidth, M, clustering, q):

2024-12-17 21:20:27,052:WARNING:/Users/macbookpro/.pyenv/versions/3.9.16/lib/python3.9/site-packages/shap/explainers/_partition.py:676: NumbaDeprecationWarning: [1mThe 'nopython' keyword argument was not supplied to the 'numba.jit' decorator. The implicit default value for this argument is currently False, but it will be changed to True in Numba 0.59.0. See https://numba.readthedocs.io/en/stable/reference/deprecation.html#deprecation-of-object-mode-fall-back-behaviour-when-using-jit for details.[0m
  def lower_credit(i, value, M, values, clustering):

2024-12-17 21:20:27,057:WARNING:[1mThe 'nopython' keyword argument was not supplied to the 'numba.jit' decorator. The implicit default value for this argument is currently False, but it will be changed to True in Numba 0.59.0. See https://numba.readthedocs.io/en/stable/reference/deprecation.html#deprecation-of-object-mode-fall-back-behaviour-when-using-jit for details.[0m

2024-12-17 21:20:27,057:WARNING:[1mThe 'nopython' keyword argument was not supplied to the 'numba.jit' decorator. The implicit default value for this argument is currently False, but it will be changed to True in Numba 0.59.0. See https://numba.readthedocs.io/en/stable/reference/deprecation.html#deprecation-of-object-mode-fall-back-behaviour-when-using-jit for details.[0m

